[debug] [2022-12-05T10:32:38.161Z] ----------------------------------------------------------------------
[debug] [2022-12-05T10:32:38.163Z] Command:       C:\Program Files\nodejs\node.exe C:\Users\NISANTH\AppData\Roaming\npm\node_modules\firebase-tools\lib\bin\firebase.js init
[debug] [2022-12-05T10:32:38.164Z] CLI Version:   11.16.1
[debug] [2022-12-05T10:32:38.164Z] Platform:      win32
[debug] [2022-12-05T10:32:38.164Z] Node Version:  v16.16.0
[debug] [2022-12-05T10:32:38.165Z] Time:          Mon Dec 05 2022 16:02:38 GMT+0530 (India Standard Time)
[debug] [2022-12-05T10:32:38.165Z] ----------------------------------------------------------------------
[debug] 
[debug] [2022-12-05T10:32:38.172Z] > command requires scopes: ["email","openid","https://www.googleapis.com/auth/cloudplatformprojects.readonly","https://www.googleapis.com/auth/firebase","https://www.googleapis.com/auth/cloud-platform"]
[debug] [2022-12-05T10:32:38.172Z] > authorizing via signed-in user (nisanthdhandapani@gmail.com)
[info] 
     ######## #### ########  ######## ########     ###     ######  ########
     ##        ##  ##     ## ##       ##     ##  ##   ##  ##       ##
     ######    ##  ########  ######   ########  #########  ######  ######
     ##        ##  ##    ##  ##       ##     ## ##     ##       ## ##
     ##       #### ##     ## ######## ########  ##     ##  ######  ########

You're about to initialize a Firebase project in this directory:

  C:\Users\NISANTH\OneDrive\Desktop\react-foodie

[info] 
=== Project Setup
[info] 
[info] First, let's associate this project directory with a Firebase project.
[info] You can create multiple project aliases by running firebase use --add, 
[info] but for now we'll just set up a default project.
[info] 
[info] i  If you want to create a project in a Google Cloud organization or folder, please use "firebase projects:create" instead, and return to this command when you've created the project. 
